# JRE version: OpenJDK Runtime Environment (11.0.13+8) (build 11.0.13+8-Ubuntu-0ubuntu1.18.04)
# Java VM: OpenJDK 64-Bit Server VM (11.0.13+8-Ubuntu-0ubuntu1.18.04, mixed mode, sharing, tiered, compressed oops, g1 gc, linux-amd64)
Heap:
 garbage-first heap   total 280576K, used 174381K [0x00000000c0000000, 0x0000000100000000)
  region size 1024K, 95 young (97280K), 1 survivors (1024K)
 Metaspace       used 10748K, capacity 12659K, committed 12800K, reserved 1060864K
  class space    used 1631K, capacity 1986K, committed 2048K, reserved 1048576K
GC Heap History (20 events):
Event: 5.910 GC heap before
{Heap before GC invocations=21 (full 5):
 garbage-first heap   total 222208K, used 173287K [0x00000000c0000000, 0x0000000100000000)
  region size 1024K, 92 young (94208K), 0 survivors (0K)
 Metaspace       used 10686K, capacity 12575K, committed 12800K, reserved 1060864K
  class space    used 1630K, capacity 1986K, committed 2048K, reserved 1048576K
}
Event: 5.914 GC heap after
{Heap after GC invocations=22 (full 5):
 garbage-first heap   total 635904K, used 80103K [0x00000000c0000000, 0x0000000100000000)
  region size 1024K, 1 young (1024K), 1 survivors (1024K)
 Metaspace       used 10686K, capacity 12575K, committed 12800K, reserved 1060864K
  class space    used 1630K, capacity 1986K, committed 2048K, reserved 1048576K
}
Event: 5.957 GC heap before
{Heap before GC invocations=22 (full 5):
 garbage-first heap   total 635904K, used 81127K [0x00000000c0000000, 0x0000000100000000)
  region size 1024K, 3 young (3072K), 1 survivors (1024K)
 Metaspace       used 10686K, capacity 12575K, committed 12800K, reserved 1060864K
  class space    used 1630K, capacity 1986K, committed 2048K, reserved 1048576K
}
Event: 6.005 GC heap after
{Heap after GC invocations=23 (full 6):
 garbage-first heap   total 280576K, used 79093K [0x00000000c0000000, 0x0000000100000000)
  region size 1024K, 0 young (0K), 0 survivors (0K)
 Metaspace       used 10686K, capacity 12575K, committed 12800K, reserved 1060864K
  class space    used 1630K, capacity 1986K, committed 2048K, reserved 1048576K
}
Event: 6.370 GC heap before
{Heap before GC invocations=23 (full 6):
 garbage-first heap   total 280576K, used 220405K [0x00000000c0000000, 0x0000000100000000)
  region size 1024K, 138 young (141312K), 0 survivors (0K)
 Metaspace       used 10708K, capacity 12576K, committed 12800K, reserved 1060864K
  class space    used 1630K, capacity 1986K, committed 2048K, reserved 1048576K
}
Event: 6.371 GC heap after
{Heap after GC invocations=24 (full 6):
 garbage-first heap   total 280576K, used 79378K [0x00000000c0000000, 0x0000000100000000)
  region size 1024K, 1 young (1024K), 1 survivors (1024K)
 Metaspace       used 10708K, capacity 12576K, committed 12800K, reserved 1060864K
  class space    used 1630K, capacity 1986K, committed 2048K, reserved 1048576K
}
Event: 6.723 GC heap before
{Heap before GC invocations=24 (full 6):
 garbage-first heap   total 280576K, used 224786K [0x00000000c0000000, 0x0000000100000000)
  region size 1024K, 143 young (146432K), 1 survivors (1024K)
 Metaspace       used 10728K, capacity 12659K, committed 12800K, reserved 1060864K
  class space    used 1630K, capacity 1986K, committed 2048K, reserved 1048576K
}
Event: 6.724 GC heap after
{Heap after GC invocations=25 (full 6):
 garbage-first heap   total 280576K, used 79180K [0x00000000c0000000, 0x0000000100000000)
  region size 1024K, 1 young (1024K), 1 survivors (1024K)
 Metaspace       used 10728K, capacity 12659K, committed 12800K, reserved 1060864K
  class space    used 1630K, capacity 1986K, committed 2048K, reserved 1048576K
}
Event: 6.998 GC heap before
{Heap before GC invocations=25 (full 6):
 garbage-first heap   total 280576K, used 228684K [0x00000000c0000000, 0x0000000100000000)
  region size 1024K, 147 young (150528K), 1 survivors (1024K)
 Metaspace       used 10731K, capacity 12659K, committed 12800K, reserved 1060864K
  class space    used 1630K, capacity 1986K, committed 2048K, reserved 1048576K
}
Event: 6.999 GC heap after
{Heap after GC invocations=26 (full 6):
 garbage-first heap   total 280576K, used 79147K [0x00000000c0000000, 0x0000000100000000)
  region size 1024K, 1 young (1024K), 1 survivors (1024K)
 Metaspace       used 10731K, capacity 12659K, committed 12800K, reserved 1060864K
  class space    used 1630K, capacity 1986K, committed 2048K, reserved 1048576K
}
Event: 7.285 GC heap before
{Heap before GC invocations=26 (full 6):
 garbage-first heap   total 280576K, used 231723K [0x00000000c0000000, 0x0000000100000000)
  region size 1024K, 150 young (153600K), 1 survivors (1024K)
 Metaspace       used 10732K, capacity 12659K, committed 12800K, reserved 1060864K
  class space    used 1630K, capacity 1986K, committed 2048K, reserved 1048576K
}
Event: 7.286 GC heap after
{Heap after GC invocations=27 (full 6):
 garbage-first heap   total 280576K, used 79135K [0x00000000c0000000, 0x0000000100000000)
  region size 1024K, 1 young (1024K), 1 survivors (1024K)
 Metaspace       used 10732K, capacity 12659K, committed 12800K, reserved 1060864K
  class space    used 1630K, capacity 1986K, committed 2048K, reserved 1048576K
}
Event: 7.574 GC heap before
{Heap before GC invocations=27 (full 6):
 garbage-first heap   total 280576K, used 234783K [0x00000000c0000000, 0x0000000100000000)
  region size 1024K, 153 young (156672K), 1 survivors (1024K)
 Metaspace       used 10739K, capacity 12659K, committed 12800K, reserved 1060864K
  class space    used 1630K, capacity 1986K, committed 2048K, reserved 1048576K
}
Event: 7.575 GC heap after
{Heap after GC invocations=28 (full 6):
 garbage-first heap   total 280576K, used 79144K [0x00000000c0000000, 0x0000000100000000)
  region size 1024K, 1 young (1024K), 1 survivors (1024K)
 Metaspace       used 10739K, capacity 12659K, committed 12800K, reserved 1060864K
  class space    used 1630K, capacity 1986K, committed 2048K, reserved 1048576K
}
Event: 7.857 GC heap before
{Heap before GC invocations=28 (full 6):
 garbage-first heap   total 280576K, used 236840K [0x00000000c0000000, 0x0000000100000000)
  region size 1024K, 155 young (158720K), 1 survivors (1024K)
 Metaspace       used 10742K, capacity 12659K, committed 12800K, reserved 1060864K
  class space    used 1630K, capacity 1986K, committed 2048K, reserved 1048576K
}
Event: 7.858 GC heap after
{Heap after GC invocations=29 (full 6):
 garbage-first heap   total 280576K, used 79140K [0x00000000c0000000, 0x0000000100000000)
  region size 1024K, 1 young (1024K), 1 survivors (1024K)
 Metaspace       used 10742K, capacity 12659K, committed 12800K, reserved 1060864K
  class space    used 1630K, capacity 1986K, committed 2048K, reserved 1048576K
}
Event: 8.154 GC heap before
{Heap before GC invocations=29 (full 6):
 garbage-first heap   total 280576K, used 238884K [0x00000000c0000000, 0x0000000100000000)
  region size 1024K, 157 young (160768K), 1 survivors (1024K)
 Metaspace       used 10742K, capacity 12659K, committed 12800K, reserved 1060864K
  class space    used 1630K, capacity 1986K, committed 2048K, reserved 1048576K
}
Event: 8.154 GC heap after
{Heap after GC invocations=30 (full 6):
 garbage-first heap   total 280576K, used 79135K [0x00000000c0000000, 0x0000000100000000)
  region size 1024K, 1 young (1024K), 1 survivors (1024K)
 Metaspace       used 10742K, capacity 12659K, committed 12800K, reserved 1060864K
  class space    used 1630K, capacity 1986K, committed 2048K, reserved 1048576K
}
Event: 8.443 GC heap before
{Heap before GC invocations=30 (full 6):
 garbage-first heap   total 280576K, used 239903K [0x00000000c0000000, 0x0000000100000000)
  region size 1024K, 158 young (161792K), 1 survivors (1024K)
 Metaspace       used 10742K, capacity 12659K, committed 12800K, reserved 1060864K
  class space    used 1630K, capacity 1986K, committed 2048K, reserved 1048576K
}
Event: 8.444 GC heap after
{Heap after GC invocations=31 (full 6):
 garbage-first heap   total 280576K, used 79149K [0x00000000c0000000, 0x0000000100000000)
  region size 1024K, 1 young (1024K), 1 survivors (1024K)
 Metaspace       used 10742K, capacity 12659K, committed 12800K, reserved 1060864K
  class space    used 1630K, capacity 1986K, committed 2048K, reserved 1048576K
}

